TN:
SF:src/models/Order.ts
FN:14,(anonymous_2)
FN:18,(anonymous_3)
FN:18,(anonymous_4)
FNF:3
FNH:0
FNDA:0,(anonymous_2)
FNDA:0,(anonymous_3)
FNDA:0,(anonymous_4)
DA:1,2
DA:3,2
DA:4,2
DA:7,2
DA:9,2
DA:12,2
DA:14,0
DA:16,2
DA:18,0
DA:19,2
DA:26,2
DA:29,2
DA:32,2
DA:35,2
LF:14
LH:12
BRF:0
BRH:0
end_of_record
TN:
SF:src/models/OrderItem.ts
FN:23,(anonymous_2)
FN:27,(anonymous_3)
FNF:2
FNH:0
FNDA:0,(anonymous_2)
FNDA:0,(anonymous_3)
DA:1,2
DA:3,2
DA:4,2
DA:7,2
DA:9,2
DA:12,2
DA:15,2
DA:18,2
DA:21,2
DA:23,0
DA:25,2
DA:27,0
DA:29,2
DA:32,2
DA:35,2
LF:15
LH:13
BRF:0
BRH:0
end_of_record
TN:
SF:src/models/Product.ts
FNF:0
FNH:0
DA:1,4
DA:5,4
DA:7,4
DA:10,4
DA:13,4
DA:16,4
DA:19,4
DA:22,4
DA:25,4
DA:28,4
DA:31,4
LF:11
LH:11
BRF:0
BRH:0
end_of_record
TN:
SF:src/models/User.ts
FNF:0
FNH:0
DA:1,3
DA:5,3
DA:7,3
DA:10,3
DA:13,3
DA:16,3
DA:19,3
DA:26,3
DA:29,3
DA:32,3
LF:10
LH:10
BRF:0
BRH:0
end_of_record
TN:
SF:src/repositories/OrderItemRepository.ts
FN:6,(anonymous_0)
FNF:1
FNH:0
FNDA:0,(anonymous_0)
DA:1,1
DA:2,1
DA:3,1
DA:5,1
DA:7,0
LF:5
LH:4
BRF:0
BRH:0
end_of_record
TN:
SF:src/repositories/OrderRepository.ts
FN:6,(anonymous_0)
FN:10,(anonymous_1)
FN:17,(anonymous_2)
FNF:3
FNH:0
FNDA:0,(anonymous_0)
FNDA:0,(anonymous_1)
FNDA:0,(anonymous_2)
DA:1,1
DA:2,1
DA:3,1
DA:5,1
DA:7,0
DA:11,0
DA:18,0
LF:7
LH:4
BRF:0
BRH:0
end_of_record
TN:
SF:src/repositories/ProductRepository.ts
FN:6,(anonymous_0)
FN:10,(anonymous_1)
FN:14,(anonymous_2)
FN:22,(anonymous_3)
FN:25,(anonymous_4)
FNF:5
FNH:1
FNDA:8,(anonymous_0)
FNDA:0,(anonymous_1)
FNDA:0,(anonymous_2)
FNDA:0,(anonymous_3)
FNDA:0,(anonymous_4)
DA:1,2
DA:2,2
DA:3,2
DA:5,2
DA:7,8
DA:11,0
DA:15,0
DA:23,0
DA:25,0
LF:9
LH:5
BRF:0
BRH:0
end_of_record
TN:
SF:src/repositories/UserRepository.ts
FN:6,(anonymous_0)
FN:10,(anonymous_1)
FNF:2
FNH:1
FNDA:5,(anonymous_0)
FNDA:0,(anonymous_1)
DA:1,1
DA:2,1
DA:3,1
DA:5,1
DA:7,5
DA:11,0
LF:6
LH:5
BRF:0
BRH:0
end_of_record
TN:
SF:src/services/AuthService.ts
FN:9,(anonymous_1)
FN:13,(anonymous_2)
FN:28,(anonymous_3)
FNF:3
FNH:3
FNDA:5,(anonymous_1)
FNDA:2,(anonymous_2)
FNDA:3,(anonymous_3)
DA:1,1
DA:2,1
DA:4,1
DA:6,1
DA:10,5
DA:14,2
DA:15,2
DA:16,1
DA:19,1
DA:20,1
DA:25,1
DA:29,3
DA:30,3
DA:31,1
DA:34,2
DA:35,2
DA:36,1
DA:39,1
DA:45,1
DA:46,1
LF:20
LH:20
BRDA:15,0,0,1
BRDA:30,1,0,1
BRDA:35,2,0,1
BRDA:41,3,0,1
BRDA:41,3,1,0
BRF:5
BRH:4
end_of_record
TN:
SF:src/services/OrderService.ts
FN:12,(anonymous_0)
FN:18,(anonymous_1)
FN:55,(anonymous_2)
FN:70,(anonymous_3)
FN:74,(anonymous_4)
FN:78,(anonymous_5)
FNF:6
FNH:5
FNDA:6,(anonymous_0)
FNDA:3,(anonymous_1)
FNDA:1,(anonymous_2)
FNDA:0,(anonymous_3)
FNDA:1,(anonymous_4)
FNDA:2,(anonymous_5)
DA:3,1
DA:4,1
DA:5,1
DA:7,1
DA:13,6
DA:14,6
DA:15,6
DA:19,3
DA:20,3
DA:23,3
DA:24,3
DA:25,3
DA:26,1
DA:28,2
DA:29,1
DA:32,1
DA:33,1
DA:40,1
DA:44,1
DA:51,1
DA:54,1
DA:56,1
DA:62,1
DA:66,1
DA:67,1
DA:71,0
DA:75,1
DA:79,2
DA:80,2
DA:81,2
DA:82,1
DA:84,1
LF:32
LH:31
BRDA:25,0,0,1
BRDA:28,1,0,1
BRDA:81,2,0,1
BRF:3
BRH:3
end_of_record
TN:
SF:src/services/ProductService.ts
FN:7,(anonymous_0)
FN:11,(anonymous_1)
FN:15,(anonymous_2)
FN:19,(anonymous_3)
FN:23,(anonymous_4)
FN:28,(anonymous_5)
FN:37,(anonymous_6)
FNF:7
FNH:6
FNDA:8,(anonymous_0)
FNDA:1,(anonymous_1)
FNDA:2,(anonymous_2)
FNDA:0,(anonymous_3)
FNDA:1,(anonymous_4)
FNDA:2,(anonymous_5)
FNDA:2,(anonymous_6)
DA:2,1
DA:4,1
DA:8,8
DA:12,1
DA:16,2
DA:20,0
DA:24,1
DA:25,1
DA:29,2
DA:30,2
DA:31,2
DA:32,1
DA:34,1
DA:38,2
DA:39,2
DA:40,1
LF:16
LH:15
BRDA:31,0,0,1
BRDA:39,1,0,1
BRF:2
BRH:2
end_of_record
